[debug] [2025-06-09T20:04:18.342Z] ----------------------------------------------------------------------
[debug] [2025-06-09T20:04:18.345Z] Command:       /nix/store/rbdrkcs5kkwpalxcd7c6bnm33lk2955n-nodejs-20.19.0/bin/node /nix/store/nh3zwzkz6wh6qa7bd2ywzr7irjij7j1i-firebase-tools-14.3.1/lib/node_modules/firebase-tools/lib/bin/firebase.js login --no-localhost
[debug] [2025-06-09T20:04:18.346Z] CLI Version:   14.3.1
[debug] [2025-06-09T20:04:18.346Z] Platform:      linux
[debug] [2025-06-09T20:04:18.346Z] Node Version:  v20.19.0
[debug] [2025-06-09T20:04:18.346Z] Time:          Mon Jun 09 2025 20:04:18 GMT+0000 (Coordinated Universal Time)
[debug] [2025-06-09T20:04:18.347Z] ----------------------------------------------------------------------
[debug] 
[debug] [2025-06-09T20:04:18.350Z] >>> [apiv2][query] GET https://firebase-public.firebaseio.com/cli.json [none]
[info] i  Firebase optionally collects CLI and Emulator Suite usage and error reporting information to help improve our products. Data is collected in accordance with Google's privacy policy (https://policies.google.com/privacy) and is not used to identify you.
 
[debug] [2025-06-09T20:04:18.498Z] <<< [apiv2][status] GET https://firebase-public.firebaseio.com/cli.json 200
[debug] [2025-06-09T20:04:18.499Z] <<< [apiv2][body] GET https://firebase-public.firebaseio.com/cli.json {"cloudBuildErrorAfter":1594252800000,"cloudBuildWarnAfter":1590019200000,"defaultNode10After":1594252800000,"minVersion":"3.0.5","node8DeploysDisabledAfter":1613390400000,"node8RuntimeDisabledAfter":1615809600000,"node8WarnAfter":1600128000000}
[info] i  To change your data collection preference at any time, run `firebase logout` and log in again. 
[debug] [2025-06-09T20:04:25.290Z] >>> [apiv2][query] POST https://auth.firebase.tools/attest [none]
[debug] [2025-06-09T20:04:25.290Z] >>> [apiv2][body] POST https://auth.firebase.tools/attest {"session_id":"859093e6-be14-49f2-968d-3b43b77ef079"}
[debug] [2025-06-09T20:04:25.492Z] <<< [apiv2][status] POST https://auth.firebase.tools/attest 200
[debug] [2025-06-09T20:04:25.494Z] <<< [apiv2][body] POST https://auth.firebase.tools/attest {"token":"009vdB-E18MSlPY3aE1Q203q5p1QWeDzJgrLhICy_0w"}
[info] 
[info] To sign in to the Firebase CLI:
[info] 
[info] 1. Take note of your session ID:
[info] 
[info]    85909
[info] 
[info] 2. Visit the URL below on any device and follow the instructions to get your code:
[info] 
[info]    https://auth.firebase.tools/login?code_challenge=Gwm4h-AjoOmagyyf7mFJ0V8-X32J6FGsB_3GPbqbFQk&session=859093e6-be14-49f2-968d-3b43b77ef079&attest=009vdB-E18MSlPY3aE1Q203q5p1QWeDzJgrLhICy_0w
[info] 
[info] 3. Paste or enter the authorization code below once you have it:
[info] 
